# JRE version: Java(TM) SE Runtime Environment (8.0_51-b16) (build 1.8.0_51-b16)
# Java VM: Java HotSpot(TM) 64-Bit Server VM (25.51-b03 mixed mode windows-amd64 compressed oops)
Heap:
 PSYoungGen      total 1334272K, used 87064K [0x000000076b000000, 0x00000007bf680000, 0x00000007c0000000)
  eden space 1289728K, 5% used [0x000000076b000000,0x000000076fab60f0,0x00000007b9b80000)
  from space 44544K, 23% used [0x00000007bcb00000,0x00000007bd550020,0x00000007bf680000)
  to   space 46592K, 0% used [0x00000007b9b80000,0x00000007b9b80000,0x00000007bc900000)
 ParOldGen       total 175104K, used 97646K [0x00000006c1000000, 0x00000006cbb00000, 0x000000076b000000)
  object space 175104K, 55% used [0x00000006c1000000,0x00000006c6f5bad8,0x00000006cbb00000)
 Metaspace       used 10978K, capacity 11210K, committed 11520K, reserved 1058816K
  class space    used 1347K, capacity 1452K, committed 1536K, reserved 1048576K
GC Heap History (10 events):
Event: 1.403 GC heap before
{Heap before GC invocations=11 (full 0):
 PSYoungGen      total 1324032K, used 1263456K [0x000000076b000000, 0x00000007bfb80000, 0x00000007c0000000)
  eden space 1263104K, 100% used [0x000000076b000000,0x00000007b8180000,0x00000007b8180000)
  from space 60928K, 0% used [0x00000007bc000000,0x00000007bc058000,0x00000007bfb80000)
  to   space 62464K, 0% used [0x00000007b8180000,0x00000007b8180000,0x00000007bbe80000)
 ParOldGen       total 175104K, used 96662K [0x00000006c1000000, 0x00000006cbb00000, 0x000000076b000000)
  object space 175104K, 55% used [0x00000006c1000000,0x00000006c6e65ad8,0x00000006cbb00000)
 Metaspace       used 10967K, capacity 11210K, committed 11520K, reserved 1058816K
  class space    used 1347K, capacity 1452K, committed 1536K, reserved 1048576K
Event: 1.406 GC heap after
Heap after GC invocations=11 (full 0):
 PSYoungGen      total 1325568K, used 192K [0x000000076b000000, 0x00000007bfc80000, 0x00000007c0000000)
  eden space 1263104K, 0% used [0x000000076b000000,0x000000076b000000,0x00000007b8180000)
  from space 62464K, 0% used [0x00000007b8180000,0x00000007b81b0000,0x00000007bbe80000)
  to   space 59904K, 0% used [0x00000007bc200000,0x00000007bc200000,0x00000007bfc80000)
 ParOldGen       total 175104K, used 96902K [0x00000006c1000000, 0x00000006cbb00000, 0x000000076b000000)
  object space 175104K, 55% used [0x00000006c1000000,0x00000006c6ea1ad8,0x00000006cbb00000)
 Metaspace       used 10967K, capacity 11210K, committed 11520K, reserved 1058816K
  class space    used 1347K, capacity 1452K, committed 1536K, reserved 1048576K
}
Event: 1.611 GC heap before
{Heap before GC invocations=12 (full 0):
 PSYoungGen      total 1325568K, used 1263296K [0x000000076b000000, 0x00000007bfc80000, 0x00000007c0000000)
  eden space 1263104K, 100% used [0x000000076b000000,0x00000007b8180000,0x00000007b8180000)
  from space 62464K, 0% used [0x00000007b8180000,0x00000007b81b0000,0x00000007bbe80000)
  to   space 59904K, 0% used [0x00000007bc200000,0x00000007bc200000,0x00000007bfc80000)
 ParOldGen       total 175104K, used 96902K [0x00000006c1000000, 0x00000006cbb00000, 0x000000076b000000)
  object space 175104K, 55% used [0x00000006c1000000,0x00000006c6ea1ad8,0x00000006cbb00000)
 Metaspace       used 10967K, capacity 11210K, committed 11520K, reserved 1058816K
  class space    used 1347K, capacity 1452K, committed 1536K, reserved 1048576K
Event: 1.612 GC heap after
Heap after GC invocations=12 (full 0):
 PSYoungGen      total 1327104K, used 224K [0x000000076b000000, 0x00000007bf980000, 0x00000007c0000000)
  eden space 1270272K, 0% used [0x000000076b000000,0x000000076b000000,0x00000007b8880000)
  from space 56832K, 0% used [0x00000007bc200000,0x00000007bc238000,0x00000007bf980000)
  to   space 57856K, 0% used [0x00000007b8880000,0x00000007b8880000,0x00000007bc100000)
 ParOldGen       total 175104K, used 97054K [0x00000006c1000000, 0x00000006cbb00000, 0x000000076b000000)
  object space 175104K, 55% used [0x00000006c1000000,0x00000006c6ec7ad8,0x00000006cbb00000)
 Metaspace       used 10967K, capacity 11210K, committed 11520K, reserved 1058816K
  class space    used 1347K, capacity 1452K, committed 1536K, reserved 1048576K
}
Event: 1.810 GC heap before
{Heap before GC invocations=13 (full 0):
 PSYoungGen      total 1327104K, used 1270496K [0x000000076b000000, 0x00000007bf980000, 0x00000007c0000000)
  eden space 1270272K, 100% used [0x000000076b000000,0x00000007b8880000,0x00000007b8880000)
  from space 56832K, 0% used [0x00000007bc200000,0x00000007bc238000,0x00000007bf980000)
  to   space 57856K, 0% used [0x00000007b8880000,0x00000007b8880000,0x00000007bc100000)
 ParOldGen       total 175104K, used 97054K [0x00000006c1000000, 0x00000006cbb00000, 0x000000076b000000)
  object space 175104K, 55% used [0x00000006c1000000,0x00000006c6ec7ad8,0x00000006cbb00000)
 Metaspace       used 10968K, capacity 11210K, committed 11520K, reserved 1058816K
  class space    used 1347K, capacity 1452K, committed 1536K, reserved 1048576K
Event: 1.811 GC heap after
Heap after GC invocations=13 (full 0):
 PSYoungGen      total 1328128K, used 224K [0x000000076b000000, 0x00000007bfc00000, 0x00000007c0000000)
  eden space 1270272K, 0% used [0x000000076b000000,0x000000076b000000,0x00000007b8880000)
  from space 57856K, 0% used [0x00000007b8880000,0x00000007b88b8000,0x00000007bc100000)
  to   space 55296K, 0% used [0x00000007bc600000,0x00000007bc600000,0x00000007bfc00000)
 ParOldGen       total 175104K, used 97198K [0x00000006c1000000, 0x00000006cbb00000, 0x000000076b000000)
  object space 175104K, 55% used [0x00000006c1000000,0x00000006c6eebad8,0x00000006cbb00000)
 Metaspace       used 10968K, capacity 11210K, committed 11520K, reserved 1058816K
  class space    used 1347K, capacity 1452K, committed 1536K, reserved 1048576K
}
Event: 2.005 GC heap before
{Heap before GC invocations=14 (full 0):
 PSYoungGen      total 1328128K, used 1270496K [0x000000076b000000, 0x00000007bfc00000, 0x00000007c0000000)
  eden space 1270272K, 100% used [0x000000076b000000,0x00000007b8880000,0x00000007b8880000)
  from space 57856K, 0% used [0x00000007b8880000,0x00000007b88b8000,0x00000007bc100000)
  to   space 55296K, 0% used [0x00000007bc600000,0x00000007bc600000,0x00000007bfc00000)
 ParOldGen       total 175104K, used 97198K [0x00000006c1000000, 0x00000006cbb00000, 0x000000076b000000)
  object space 175104K, 55% used [0x00000006c1000000,0x00000006c6eebad8,0x00000006cbb00000)
 Metaspace       used 10968K, capacity 11210K, committed 11520K, reserved 1058816K
  class space    used 1347K, capacity 1452K, committed 1536K, reserved 1048576K
Event: 2.006 GC heap after
Heap after GC invocations=14 (full 0):
 PSYoungGen      total 1331200K, used 288K [0x000000076b000000, 0x00000007bf880000, 0x00000007c0000000)
  eden space 1279488K, 0% used [0x000000076b000000,0x000000076b000000,0x00000007b9180000)
  from space 51712K, 0% used [0x00000007bc600000,0x00000007bc648000,0x00000007bf880000)
  to   space 52736K, 0% used [0x00000007b9180000,0x00000007b9180000,0x00000007bc500000)
 ParOldGen       total 175104K, used 97350K [0x00000006c1000000, 0x00000006cbb00000, 0x000000076b000000)
  object space 175104K, 55% used [0x00000006c1000000,0x00000006c6f11ad8,0x00000006cbb00000)
 Metaspace       used 10968K, capacity 11210K, committed 11520K, reserved 1058816K
  class space    used 1347K, capacity 1452K, committed 1536K, reserved 1048576K
}
Event: 2.142 GC heap before
{Heap before GC invocations=15 (full 0):
 PSYoungGen      total 1331200K, used 1279776K [0x000000076b000000, 0x00000007bf880000, 0x00000007c0000000)
  eden space 1279488K, 100% used [0x000000076b000000,0x00000007b9180000,0x00000007b9180000)
  from space 51712K, 0% used [0x00000007bc600000,0x00000007bc648000,0x00000007bf880000)
  to   space 52736K, 0% used [0x00000007b9180000,0x00000007b9180000,0x00000007bc500000)
 ParOldGen       total 175104K, used 97350K [0x00000006c1000000, 0x00000006cbb00000, 0x000000076b000000)
  object space 175104K, 55% used [0x00000006c1000000,0x00000006c6f11ad8,0x00000006cbb00000)
 Metaspace       used 10968K, capacity 11210K, committed 11520K, reserved 1058816K
  class space    used 1347K, capacity 1452K, committed 1536K, reserved 1048576K
Event: 2.143 GC heap after
Heap after GC invocations=15 (full 0):
 PSYoungGen      total 1332224K, used 192K [0x000000076b000000, 0x00000007bfc00000, 0x00000007c0000000)
  eden space 1279488K, 0% used [0x000000076b000000,0x000000076b000000,0x00000007b9180000)
  from space 52736K, 0% used [0x00000007b9180000,0x00000007b91b0000,0x00000007bc500000)
  to   space 50176K, 0% used [0x00000007bcb00000,0x00000007bcb00000,0x00000007bfc00000)
 ParOldGen       total 175104K, used 97494K [0x00000006c1000000, 0x00000006cbb00000, 0x000000076b000000)
  object space 175104K, 55% used [0x00000006c1000000,0x00000006c6f35ad8,0x00000006cbb00000)
 Metaspace       used 10968K, capacity 11210K, committed 11520K, reserved 1058816K
  class space    used 1347K, capacity 1452K, committed 1536K, reserved 1048576K
}

